c:\users\user\source\repos\echoclient\echoclient\x64\debug\echoclient.pch
c:\users\user\source\repos\echoclient\echoclient\x64\debug\vc143.pdb
c:\users\user\source\repos\echoclient\echoclient\x64\debug\vc143.idb
c:\users\user\source\repos\echoclient\echoclient\x64\debug\netclient.obj
c:\users\user\source\repos\echoclient\echoclient\x64\debug\netserverserializebuffer.obj
c:\users\user\source\repos\echoclient\echoclient\x64\debug\parse.obj
c:\users\user\source\repos\echoclient\echoclient\x64\debug\precompile.obj
c:\users\user\source\repos\echoclient\echoclient\x64\debug\profiler.obj
c:\users\user\source\repos\echoclient\echoclient\x64\debug\ringbuffer.obj
c:\users\user\source\repos\echoclient\echoclient\x64\debug\echoclient.obj
c:\users\user\source\repos\echoclient\echoclient\x64\debug\main.obj
c:\users\user\source\repos\echoclient\x64\debug\echoclient.pdb
c:\users\user\source\repos\echoclient\echoclient\x64\debug\echoclient.tlog\cl.command.1.tlog
c:\users\user\source\repos\echoclient\echoclient\x64\debug\echoclient.tlog\cl.read.1.tlog
c:\users\user\source\repos\echoclient\echoclient\x64\debug\echoclient.tlog\cl.write.1.tlog
c:\users\user\source\repos\echoclient\echoclient\x64\debug\echoclient.tlog\link-cvtres.read.1.tlog
c:\users\user\source\repos\echoclient\echoclient\x64\debug\echoclient.tlog\link-cvtres.write.1.tlog
c:\users\user\source\repos\echoclient\echoclient\x64\debug\echoclient.tlog\link-rc.read.1.tlog
c:\users\user\source\repos\echoclient\echoclient\x64\debug\echoclient.tlog\link-rc.write.1.tlog
c:\users\user\source\repos\echoclient\echoclient\x64\debug\echoclient.tlog\link.command.1.tlog
c:\users\user\source\repos\echoclient\echoclient\x64\debug\echoclient.tlog\link.read.1.tlog
c:\users\user\source\repos\echoclient\echoclient\x64\debug\echoclient.tlog\link.read.2.tlog
c:\users\user\source\repos\echoclient\echoclient\x64\debug\echoclient.tlog\link.write.1.tlog
